2020-04-25 21:06:07,307 INFO  [org.jboss.modules] (main) JBoss Modules version 1.9.1.Final-redhat-00001
2020-04-25 21:06:07,849 INFO  [org.jboss.msc] (main) JBoss MSC version 1.4.11.Final-redhat-00001
2020-04-25 21:06:07,861 INFO  [org.jboss.threads] (main) JBoss Threads version 2.3.3.Final-redhat-00001
2020-04-25 21:06:07,971 INFO  [org.jboss.as] (MSC service thread 1-2) WFLYSRV0049: JBoss EAP 7.3.0.GA (WildFly Core 10.1.2.Final-redhat-00001) starting
2020-04-25 21:06:07,972 DEBUG [org.jboss.as.config] (MSC service thread 1-2) Configured system properties:
	awt.toolkit = sun.lwawt.macosx.LWCToolkit
	file.encoding = UTF-8
	file.encoding.pkg = sun.io
	file.separator = /
	ftp.nonProxyHosts = local|*.local|169.254/16|*.169.254/16
	gopherProxySet = false
	http.nonProxyHosts = local|*.local|169.254/16|*.169.254/16
	java.awt.graphicsenv = sun.awt.CGraphicsEnvironment
	java.awt.headless = true
	java.awt.printerjob = sun.lwawt.macosx.CPrinterJob
	java.class.path = /Users/phaniramkakaraparthi/Development/JBoss EAP/jboss-eap-7.3/jboss-modules.jar
	java.class.version = 52.0
	java.endorsed.dirs = /Library/Java/JavaVirtualMachines/jdk1.8.0_221.jdk/Contents/Home/jre/lib/endorsed
	java.ext.dirs = /Users/phaniramkakaraparthi/Library/Java/Extensions:/Library/Java/JavaVirtualMachines/jdk1.8.0_221.jdk/Contents/Home/jre/lib/ext:/Library/Java/Extensions:/Network/Library/Java/Extensions:/System/Library/Java/Extensions:/usr/lib/java
	java.home = /Library/Java/JavaVirtualMachines/jdk1.8.0_221.jdk/Contents/Home/jre
	java.io.tmpdir = /var/folders/qx/qhg9yv912nj4pshc24p8bkm80000gn/T/
	java.library.path = /Users/phaniramkakaraparthi/Library/Java/Extensions:/Library/Java/Extensions:/Network/Library/Java/Extensions:/System/Library/Java/Extensions:/usr/lib/java:.
	java.net.preferIPv4Stack = true
	java.runtime.name = Java(TM) SE Runtime Environment
	java.runtime.version = 1.8.0_221-b11
	java.specification.name = Java Platform API Specification
	java.specification.vendor = Oracle Corporation
	java.specification.version = 1.8
	java.util.logging.manager = org.jboss.logmanager.LogManager
	java.vendor = Oracle Corporation
	java.vendor.url = http://java.oracle.com/
	java.vendor.url.bug = http://bugreport.sun.com/bugreport/
	java.version = 1.8.0_221
	java.vm.info = mixed mode
	java.vm.name = Java HotSpot(TM) 64-Bit Server VM
	java.vm.specification.name = Java Virtual Machine Specification
	java.vm.specification.vendor = Oracle Corporation
	java.vm.specification.version = 1.8
	java.vm.vendor = Oracle Corporation
	java.vm.version = 25.221-b11
	javax.management.builder.initial = org.jboss.as.jmx.PluggableMBeanServerBuilder
	jboss.bind.address = localhost
	jboss.bind.address.management = localhost
	jboss.home.dir = /Users/phaniramkakaraparthi/Development/JBoss EAP/jboss-eap-7.3
	jboss.host.name = phani-3
	jboss.modules.dir = /Users/phaniramkakaraparthi/Development/JBoss EAP/jboss-eap-7.3/modules
	jboss.modules.system.pkgs = org.jboss.byteman
	jboss.node.name = phani-3
	jboss.qualified.host.name = phani-3.local
	jboss.server.base.dir = /Users/phaniramkakaraparthi/Development/JBoss EAP/jboss-eap-7.3/standalone
	jboss.server.config.dir = /Users/phaniramkakaraparthi/Development/JBoss EAP/jboss-eap-7.3/standalone/configuration
	jboss.server.data.dir = /Users/phaniramkakaraparthi/Development/JBoss EAP/jboss-eap-7.3/standalone/data
	jboss.server.deploy.dir = /Users/phaniramkakaraparthi/Development/JBoss EAP/jboss-eap-7.3/standalone/data/content
	jboss.server.log.dir = /Users/phaniramkakaraparthi/Development/JBoss EAP/jboss-eap-7.3/standalone/log
	jboss.server.name = phani-3
	jboss.server.persist.config = true
	jboss.server.temp.dir = /Users/phaniramkakaraparthi/Development/JBoss EAP/jboss-eap-7.3/standalone/tmp
	line.separator = 

	logging.configuration = file:/Users/phaniramkakaraparthi/Development/JBoss EAP/jboss-eap-7.3/standalone/configuration/logging.properties
	module.path = /Users/phaniramkakaraparthi/Development/JBoss EAP/jboss-eap-7.3/modules
	org.jboss.boot.log.file = /Users/phaniramkakaraparthi/Development/JBoss EAP/jboss-eap-7.3/standalone/log/boot.log
	org.jboss.logmanager.nocolor = true
	org.jboss.resolver.warning = true
	os.arch = x86_64
	os.name = Mac OS X
	os.version = 10.15.4
	path.separator = :
	program.name = JBossTools: Red Hat JBoss Enterprise Application Platform 7.3
	socksNonProxyHosts = local|*.local|169.254/16|*.169.254/16
	sun.arch.data.model = 64
	sun.boot.class.path = /Library/Java/JavaVirtualMachines/jdk1.8.0_221.jdk/Contents/Home/jre/lib/resources.jar:/Library/Java/JavaVirtualMachines/jdk1.8.0_221.jdk/Contents/Home/jre/lib/rt.jar:/Library/Java/JavaVirtualMachines/jdk1.8.0_221.jdk/Contents/Home/jre/lib/sunrsasign.jar:/Library/Java/JavaVirtualMachines/jdk1.8.0_221.jdk/Contents/Home/jre/lib/jsse.jar:/Library/Java/JavaVirtualMachines/jdk1.8.0_221.jdk/Contents/Home/jre/lib/jce.jar:/Library/Java/JavaVirtualMachines/jdk1.8.0_221.jdk/Contents/Home/jre/lib/charsets.jar:/Library/Java/JavaVirtualMachines/jdk1.8.0_221.jdk/Contents/Home/jre/lib/jfr.jar:/Library/Java/JavaVirtualMachines/jdk1.8.0_221.jdk/Contents/Home/jre/classes
	sun.boot.library.path = /Library/Java/JavaVirtualMachines/jdk1.8.0_221.jdk/Contents/Home/jre/lib
	sun.cpu.endian = little
	sun.cpu.isalist = 
	sun.io.unicode.encoding = UnicodeBig
	sun.java.command = org.jboss.modules.Main -mp /Users/phaniramkakaraparthi/Development/JBoss EAP/jboss-eap-7.3/modules org.jboss.as.standalone -b localhost --server-config=standalone.xml -Djboss.server.base.dir=/Users/phaniramkakaraparthi/Development/JBoss EAP/jboss-eap-7.3/standalone
	sun.java.launcher = SUN_STANDARD
	sun.jnu.encoding = UTF-8
	sun.management.compiler = HotSpot 64-Bit Tiered Compilers
	sun.os.patch.level = unknown
	sun.rmi.dgc.client.gcInterval = 3600000
	sun.rmi.dgc.server.gcInterval = 3600000
	user.country = GB
	user.country.format = IN
	user.dir = /Users/phaniramkakaraparthi/Development/JBoss EAP/jboss-eap-7.3/bin
	user.home = /Users/phaniramkakaraparthi
	user.language = en
	user.name = phaniramkakaraparthi
	user.timezone = Asia/Kolkata
2020-04-25 21:06:07,973 DEBUG [org.jboss.as.config] (MSC service thread 1-2) VM Arguments: -agentlib:jdwp=transport=dt_socket,suspend=y,address=localhost:49752 -Dprogram.name=JBossTools: Red Hat JBoss Enterprise Application Platform 7.3 -Xms1303m -Xmx1303m -XX:MetaspaceSize=96M -XX:MaxMetaspaceSize=256m -Dorg.jboss.resolver.warning=true -Djava.net.preferIPv4Stack=true -Dsun.rmi.dgc.client.gcInterval=3600000 -Dsun.rmi.dgc.server.gcInterval=3600000 -Djboss.modules.system.pkgs=org.jboss.byteman -Djava.awt.headless=true -Dorg.jboss.boot.log.file=/Users/phaniramkakaraparthi/Development/JBoss EAP/jboss-eap-7.3/standalone/log/boot.log -Dlogging.configuration=file:/Users/phaniramkakaraparthi/Development/JBoss EAP/jboss-eap-7.3/standalone/configuration/logging.properties -Djboss.home.dir=/Users/phaniramkakaraparthi/Development/JBoss EAP/jboss-eap-7.3 -Dorg.jboss.logmanager.nocolor=true -Djboss.bind.address.management=localhost -Dfile.encoding=UTF-8 
2020-04-25 21:06:08,602 INFO  [org.wildfly.security] (ServerService Thread Pool -- 24) ELY00001: WildFly Elytron version 1.10.4.Final-redhat-00001
2020-04-25 21:06:09,065 INFO  [org.jboss.as.controller.management-deprecated] (Controller Boot Thread) WFLYCTL0028: Attribute 'security-realm' in the resource at address '/core-service=management/management-interface=http-interface' is deprecated, and may be removed in a future version. See the attribute description in the output of the read-resource-description operation to learn more about the deprecation.
2020-04-25 21:06:09,081 INFO  [org.jboss.as.controller.management-deprecated] (ServerService Thread Pool -- 28) WFLYCTL0028: Attribute 'security-realm' in the resource at address '/subsystem=undertow/server=default-server/https-listener=https' is deprecated, and may be removed in a future version. See the attribute description in the output of the read-resource-description operation to learn more about the deprecation.
2020-04-25 21:06:09,137 INFO  [org.jboss.as.server] (Controller Boot Thread) WFLYSRV0039: Creating http management service using socket-binding (management-http)
2020-04-25 21:06:09,158 INFO  [org.xnio] (MSC service thread 1-5) XNIO version 3.7.7.Final-redhat-00001
2020-04-25 21:06:09,168 INFO  [org.xnio.nio] (MSC service thread 1-5) XNIO NIO Implementation Version 3.7.7.Final-redhat-00001
2020-04-25 21:06:09,196 INFO  [org.jboss.as.clustering.infinispan] (ServerService Thread Pool -- 51) WFLYCLINF0001: Activating Infinispan subsystem.
2020-04-25 21:06:09,196 INFO  [org.wildfly.extension.microprofile.config.smallrye._private] (ServerService Thread Pool -- 60) WFLYCONF0001: Activating WildFly MicroProfile Config Subsystem
2020-04-25 21:06:09,196 INFO  [org.wildfly.extension.microprofile.opentracing] (ServerService Thread Pool -- 63) WFLYTRACEXT0001: Activating MicroProfile OpenTracing Subsystem
2020-04-25 21:06:09,202 WARN  [org.jboss.as.txn] (ServerService Thread Pool -- 72) WFLYTX0013: The node-identifier attribute on the /subsystem=transactions is set to the default value. This is a danger for environments running multiple servers. Please make sure the attribute value is unique.
2020-04-25 21:06:09,204 INFO  [org.wildfly.extension.io] (ServerService Thread Pool -- 52) WFLYIO001: Worker 'default' has auto-configured to 16 core threads with 128 task threads based on your 8 available processors
2020-04-25 21:06:09,206 INFO  [org.jboss.as.naming] (ServerService Thread Pool -- 64) WFLYNAM0001: Activating Naming Subsystem
2020-04-25 21:06:09,210 INFO  [org.wildfly.extension.microprofile.metrics.smallrye] (ServerService Thread Pool -- 62) WFLYMETRICS0001: Activating Eclipse MicroProfile Metrics Subsystem
2020-04-25 21:06:09,211 INFO  [org.jboss.as.jaxrs] (ServerService Thread Pool -- 53) WFLYRS0016: RESTEasy version 3.9.3.SP1-redhat-00001
2020-04-25 21:06:09,213 INFO  [org.jboss.as.webservices] (ServerService Thread Pool -- 74) WFLYWS0002: Activating WebServices Extension
2020-04-25 21:06:09,215 INFO  [org.jboss.as.jsf] (ServerService Thread Pool -- 58) WFLYJSF0007: Activated the following JSF Implementations: [main]
2020-04-25 21:06:09,220 INFO  [org.jboss.as.security] (ServerService Thread Pool -- 70) WFLYSEC0002: Activating Security Subsystem
2020-04-25 21:06:09,221 INFO  [org.wildfly.extension.microprofile.health.smallrye] (ServerService Thread Pool -- 61) WFLYHEALTH0001: Activating Eclipse MicroProfile Health Subsystem
2020-04-25 21:06:09,223 INFO  [org.jboss.as.connector] (MSC service thread 1-3) WFLYJCA0009: Starting JCA Subsystem (WildFly/IronJacamar 1.4.19.Final-redhat-00001)
2020-04-25 21:06:09,224 INFO  [org.jboss.as.security] (MSC service thread 1-3) WFLYSEC0001: Current PicketBox version=5.0.3.Final-redhat-00005
2020-04-25 21:06:09,380 INFO  [org.wildfly.extension.undertow] (MSC service thread 1-2) WFLYUT0003: Undertow 2.0.28.SP1-redhat-00001 starting
2020-04-25 21:06:09,402 INFO  [org.jboss.as.connector.subsystems.datasources] (ServerService Thread Pool -- 43) WFLYJCA0004: Deploying JDBC-compliant driver class org.h2.Driver (version 1.4)
2020-04-25 21:06:09,413 INFO  [org.jboss.as.connector.deployers.jdbc] (MSC service thread 1-7) WFLYJCA0018: Started Driver service with driver-name = h2
2020-04-25 21:06:09,413 INFO  [org.jboss.as.naming] (MSC service thread 1-8) WFLYNAM0003: Starting Naming Service
2020-04-25 21:06:09,422 INFO  [org.jboss.as.mail.extension] (MSC service thread 1-5) WFLYMAIL0001: Bound mail session [java:jboss/mail/Default]
2020-04-25 21:06:09,441 INFO  [org.jboss.remoting] (MSC service thread 1-1) JBoss Remoting version 5.0.16.Final-redhat-00001
2020-04-25 21:06:09,465 INFO  [org.wildfly.extension.undertow] (ServerService Thread Pool -- 73) WFLYUT0014: Creating file handler for path '/Users/phaniramkakaraparthi/Development/JBoss EAP/jboss-eap-7.3/welcome-content' with options [directory-listing: 'false', follow-symlink: 'false', case-sensitive: 'true', safe-symlink-paths: '[]']
2020-04-25 21:06:09,472 INFO  [org.wildfly.extension.undertow] (MSC service thread 1-6) WFLYUT0012: Started server default-server.
2020-04-25 21:06:09,473 INFO  [org.wildfly.extension.undertow] (MSC service thread 1-6) WFLYUT0018: Host default-host starting
2020-04-25 21:06:09,498 INFO  [org.jboss.as.ejb3] (MSC service thread 1-5) WFLYEJB0482: Strict pool mdb-strict-max-pool is using a max instance size of 32 (per class), which is derived from the number of CPUs on this host.
2020-04-25 21:06:09,498 INFO  [org.jboss.as.ejb3] (MSC service thread 1-6) WFLYEJB0481: Strict pool slsb-strict-max-pool is using a max instance size of 128 (per class), which is derived from thread worker pool sizing.
2020-04-25 21:06:09,540 INFO  [org.wildfly.extension.undertow] (MSC service thread 1-7) WFLYUT0006: Undertow HTTP listener default listening on 127.0.0.1:8080
2020-04-25 21:06:09,609 INFO  [org.jboss.as.ejb3] (MSC service thread 1-5) WFLYEJB0493: EJB subsystem suspension complete
2020-04-25 21:06:09,668 INFO  [org.jboss.as.connector.subsystems.datasources] (MSC service thread 1-8) WFLYJCA0001: Bound data source [java:jboss/datasources/ExampleDS]
2020-04-25 21:06:09,716 INFO  [org.jboss.as.patching] (MSC service thread 1-3) WFLYPAT0050: JBoss EAP cumulative patch ID is: base, one-off patches include: none
2020-04-25 21:06:09,727 WARN  [org.jboss.as.domain.management.security] (MSC service thread 1-1) WFLYDM0111: Keystore /Users/phaniramkakaraparthi/Development/JBoss EAP/jboss-eap-7.3/standalone/configuration/application.keystore not found, it will be auto generated on first use with a self signed certificate for host localhost
